[2019-08-12 15:45:00,840] - logger.py] - INFO: ####################################################################################################开始测试####################################################################################################
[2019-08-12 15:45:00,847] - logger.py] - INFO: 用例名字：登录用户baxid
[2019-08-12 15:45:00,853] - logger.py] - INFO: 请求参数：{'user_id': 303}
[2019-08-12 15:45:00,859] - logger.py] - INFO: --------------------------------------------------------------------------------------------------------------------------------------------------------------------------------------------------------
[2019-08-12 15:45:00,867] - logger.py] - INFO: 期望结果：success, 实际结果：{"meta": {"code": 0, "status": 200, "message": "Success"}, "data": null}
[2019-08-12 15:45:00,873] - logger.py] - INFO: ####################################################################################################测试结束####################################################################################################
[2019-08-12 15:47:08,282] - logger.py] - INFO: ####################################################################################################开始测试####################################################################################################
[2019-08-12 15:47:08,294] - logger.py] - INFO: 用例名字：登录用户baxid
[2019-08-12 15:47:08,301] - logger.py] - INFO: 请求参数：{'user_id': 303}
[2019-08-12 15:47:08,313] - logger.py] - INFO: --------------------------------------------------------------------------------------------------------------------------------------------------------------------------------------------------------
[2019-08-12 15:47:08,323] - logger.py] - INFO: 期望结果：success, 实际结果：{"meta": {"code": 0, "status": 200, "message": "Success"}, "data": null}
[2019-08-12 15:47:08,330] - logger.py] - INFO: ####################################################################################################测试结束####################################################################################################
[2019-08-12 15:47:43,975] - logger.py] - INFO: ####################################################################################################开始测试####################################################################################################
[2019-08-12 15:47:43,983] - logger.py] - INFO: 用例名字：登录用户baxid
[2019-08-12 15:47:43,990] - logger.py] - INFO: 请求参数：{'user_id': 303}
[2019-08-12 15:47:43,997] - logger.py] - INFO: --------------------------------------------------------------------------------------------------------------------------------------------------------------------------------------------------------
[2019-08-12 15:47:44,003] - logger.py] - INFO: 期望结果：{'meta': {'code': 0, 'status': 200, 'message': 'Success'}, 'data': None}, 实际结果：{"meta": {"code": 0, "status": 200, "message": "Success"}, "data": null}
[2019-08-12 15:47:44,011] - logger.py] - INFO: ####################################################################################################测试结束####################################################################################################
[2019-08-12 15:50:51,599] - logger.py] - INFO: ####################################################################################################开始测试####################################################################################################
[2019-08-12 15:50:51,610] - logger.py] - INFO: 用例名字：登录用户baxid
[2019-08-12 15:50:51,618] - logger.py] - INFO: 请求参数：{'user_id': 303}
[2019-08-12 15:50:51,625] - logger.py] - INFO: --------------------------------------------------------------------------------------------------------------------------------------------------------------------------------------------------------
[2019-08-12 15:50:51,634] - logger.py] - INFO: 期望结果：200, 实际结果：{"meta": {"code": 0, "status": 200, "message": "Success"}, "data": null}
[2019-08-12 15:50:51,641] - logger.py] - INFO: ####################################################################################################测试结束####################################################################################################
[2019-08-12 15:51:02,260] - logger.py] - INFO: ####################################################################################################开始测试####################################################################################################
[2019-08-12 15:51:02,267] - logger.py] - INFO: 用例名字：登录用户baxid
[2019-08-12 15:51:02,276] - logger.py] - INFO: 请求参数：{'user_id': 303}
[2019-08-12 15:51:02,282] - logger.py] - INFO: --------------------------------------------------------------------------------------------------------------------------------------------------------------------------------------------------------
[2019-08-12 15:51:02,289] - logger.py] - INFO: 期望结果：200, 实际结果：{"meta": {"code": 0, "status": 200, "message": "Success"}, "data": null}
[2019-08-12 15:51:02,294] - logger.py] - INFO: ####################################################################################################测试结束####################################################################################################
[2019-08-12 15:52:32,022] - logger.py] - INFO: ####################################################################################################开始测试####################################################################################################
[2019-08-12 15:52:32,034] - logger.py] - INFO: 用例名字：登录用户baxid
[2019-08-12 15:52:32,040] - logger.py] - INFO: 请求参数：{'user_id': 303}
[2019-08-12 15:52:32,047] - logger.py] - INFO: --------------------------------------------------------------------------------------------------------------------------------------------------------------------------------------------------------
[2019-08-12 15:52:32,054] - logger.py] - INFO: 期望结果：Succsee, 实际结果：{"meta": {"code": 0, "status": 200, "message": "Success"}, "data": null}
[2019-08-12 15:52:32,061] - logger.py] - INFO: ####################################################################################################测试结束####################################################################################################
[2019-08-12 15:57:27,157] - logger.py] - INFO: ####################################################################################################开始测试####################################################################################################
[2019-08-12 15:57:27,170] - logger.py] - INFO: 用例名字：登录用户baxid
[2019-08-12 15:57:27,179] - logger.py] - INFO: 请求参数：{'user_id': 303}
[2019-08-12 15:57:27,186] - logger.py] - INFO: --------------------------------------------------------------------------------------------------------------------------------------------------------------------------------------------------------
[2019-08-12 15:57:27,192] - logger.py] - INFO: 期望结果：Success, 实际结果：{"meta": {"code": 0, "status": 200, "message": "Success"}, "data": null}
[2019-08-12 15:57:27,199] - logger.py] - INFO: ####################################################################################################测试结束####################################################################################################
[2019-08-12 16:02:30,976] - logger.py] - INFO: ####################################################################################################开始测试####################################################################################################
[2019-08-12 16:02:30,982] - logger.py] - INFO: 用例名字：登录普通用户
[2019-08-12 16:02:30,990] - logger.py] - INFO: 请求参数：{'user_id': 303}
[2019-08-12 16:02:30,996] - logger.py] - INFO: --------------------------------------------------------------------------------------------------------------------------------------------------------------------------------------------------------
[2019-08-12 16:02:31,002] - logger.py] - INFO: 期望结果：Success, 实际结果：{"meta": {"code": 0, "status": 200, "message": "Success"}, "data": null}
[2019-08-12 16:02:31,008] - logger.py] - INFO: ####################################################################################################测试结束####################################################################################################
[2019-08-12 16:02:31,069] - logger.py] - INFO: ####################################################################################################开始测试####################################################################################################
[2019-08-12 16:02:31,075] - logger.py] - INFO: 用例名字：登录运营用户
[2019-08-12 16:02:31,081] - logger.py] - INFO: 请求参数：{'user_id': 1}
[2019-08-12 16:02:31,087] - logger.py] - INFO: --------------------------------------------------------------------------------------------------------------------------------------------------------------------------------------------------------
[2019-08-12 16:02:31,093] - logger.py] - INFO: 期望结果：Success, 实际结果：{"meta": {"code": 0, "status": 200, "message": "Success"}, "data": null}
[2019-08-12 16:02:31,099] - logger.py] - INFO: ####################################################################################################测试结束####################################################################################################
[2019-08-12 16:03:22,292] - logger.py] - INFO: ####################################################################################################开始测试####################################################################################################
[2019-08-12 16:03:22,299] - logger.py] - INFO: 用例名字：登录普通用户
[2019-08-12 16:03:22,306] - logger.py] - INFO: 请求参数：{'user_id': 303}
[2019-08-12 16:03:22,312] - logger.py] - INFO: --------------------------------------------------------------------------------------------------------------------------------------------------------------------------------------------------------
[2019-08-12 16:03:22,318] - logger.py] - INFO: 期望结果：Success, 实际结果：{"meta": {"code": 0, "status": 200, "message": "Success"}, "data": null}
[2019-08-12 16:03:22,327] - logger.py] - INFO: ####################################################################################################测试结束####################################################################################################
[2019-08-12 16:03:22,365] - logger.py] - INFO: ####################################################################################################开始测试####################################################################################################
[2019-08-12 16:03:22,374] - logger.py] - INFO: 用例名字：登录运营用户
[2019-08-12 16:03:22,381] - logger.py] - INFO: 请求参数：{'user_id': 1}
[2019-08-12 16:03:22,388] - logger.py] - INFO: --------------------------------------------------------------------------------------------------------------------------------------------------------------------------------------------------------
[2019-08-12 16:03:22,395] - logger.py] - INFO: 期望结果：Success, 实际结果：{"meta": {"code": 0, "status": 200, "message": "Success"}, "data": null}
[2019-08-12 16:03:22,404] - logger.py] - INFO: ####################################################################################################测试结束####################################################################################################
[2019-08-12 16:26:27,944] - logger.py] - INFO: ####################################################################################################开始测试####################################################################################################
[2019-08-12 16:26:27,951] - logger.py] - INFO: 用例名字：登录普通用户
[2019-08-12 16:26:27,958] - logger.py] - INFO: 请求参数：{'user_id': 303}
[2019-08-12 16:26:27,965] - logger.py] - INFO: --------------------------------------------------------------------------------------------------------------------------------------------------------------------------------------------------------
[2019-08-12 16:26:27,971] - logger.py] - INFO: 期望结果：Success, 实际结果：{"meta": {"code": 0, "status": 200, "message": "Success"}, "data": null}
[2019-08-12 16:26:27,981] - logger.py] - INFO: ####################################################################################################测试结束####################################################################################################
[2019-08-12 16:26:28,023] - logger.py] - INFO: ####################################################################################################开始测试####################################################################################################
[2019-08-12 16:26:28,030] - logger.py] - INFO: 用例名字：登录运营用户
[2019-08-12 16:26:28,038] - logger.py] - INFO: 请求参数：{'user_id': 1}
[2019-08-12 16:26:28,044] - logger.py] - INFO: --------------------------------------------------------------------------------------------------------------------------------------------------------------------------------------------------------
[2019-08-12 16:26:28,051] - logger.py] - INFO: 期望结果：Success, 实际结果：{"meta": {"code": 0, "status": 200, "message": "Success"}, "data": null}
[2019-08-12 16:26:28,057] - logger.py] - INFO: ####################################################################################################测试结束####################################################################################################
[2019-08-12 16:27:29,260] - logger.py] - INFO: ####################################################################################################开始测试####################################################################################################
[2019-08-12 16:27:29,267] - logger.py] - INFO: 用例名字：登录普通用户
[2019-08-12 16:27:29,276] - logger.py] - INFO: 请求参数：{'user_id': 303}
[2019-08-12 16:27:29,282] - logger.py] - INFO: --------------------------------------------------------------------------------------------------------------------------------------------------------------------------------------------------------
[2019-08-12 16:27:29,289] - logger.py] - INFO: 期望结果：Success, 实际结果：{"meta": {"code": 0, "status": 200, "message": "Success"}, "data": null}
[2019-08-12 16:27:29,295] - logger.py] - INFO: ####################################################################################################测试结束####################################################################################################
[2019-08-12 16:27:29,336] - logger.py] - INFO: ####################################################################################################开始测试####################################################################################################
[2019-08-12 16:27:29,343] - logger.py] - INFO: 用例名字：登录运营用户
[2019-08-12 16:27:29,352] - logger.py] - INFO: 请求参数：{'user_id': 1}
[2019-08-12 16:27:29,358] - logger.py] - INFO: --------------------------------------------------------------------------------------------------------------------------------------------------------------------------------------------------------
[2019-08-12 16:27:29,365] - logger.py] - INFO: 期望结果：Success, 实际结果：{"meta": {"code": 0, "status": 200, "message": "Success"}, "data": null}
[2019-08-12 16:27:29,372] - logger.py] - INFO: ####################################################################################################测试结束####################################################################################################
[2019-08-12 16:29:03,219] - logger.py] - INFO: ####################################################################################################开始测试####################################################################################################
[2019-08-12 16:29:03,242] - logger.py] - INFO: 用例名字：登录普通用户
[2019-08-12 16:29:03,266] - logger.py] - INFO: 请求参数：{'user_id': 303}
[2019-08-12 16:29:03,299] - logger.py] - INFO: --------------------------------------------------------------------------------------------------------------------------------------------------------------------------------------------------------
[2019-08-12 16:29:03,326] - logger.py] - INFO: 期望结果：Success, 实际结果：{"meta": {"code": 0, "status": 200, "message": "Success"}, "data": null}
[2019-08-12 16:29:03,352] - logger.py] - INFO: ####################################################################################################测试结束####################################################################################################
[2019-08-12 16:29:03,411] - logger.py] - INFO: ####################################################################################################开始测试####################################################################################################
[2019-08-12 16:29:03,434] - logger.py] - INFO: 用例名字：登录运营用户
[2019-08-12 16:29:03,448] - logger.py] - INFO: 请求参数：{'user_id': 1}
[2019-08-12 16:29:03,463] - logger.py] - INFO: --------------------------------------------------------------------------------------------------------------------------------------------------------------------------------------------------------
[2019-08-12 16:29:03,472] - logger.py] - INFO: 期望结果：Success, 实际结果：{"meta": {"code": 0, "status": 200, "message": "Success"}, "data": null}
[2019-08-12 16:29:03,481] - logger.py] - INFO: ####################################################################################################测试结束####################################################################################################
[2019-08-12 16:34:25,700] - logger.py] - INFO: ####################################################################################################开始测试####################################################################################################
[2019-08-12 16:34:25,708] - logger.py] - INFO: 用例名字：登录普通用户
[2019-08-12 16:34:25,714] - logger.py] - INFO: 请求参数：{'user_id': 303}
[2019-08-12 16:34:25,720] - logger.py] - INFO: --------------------------------------------------------------------------------------------------------------------------------------------------------------------------------------------------------
[2019-08-12 16:34:25,726] - logger.py] - INFO: 期望结果：Success, 实际结果：{"meta": {"code": 0, "status": 200, "message": "Success"}, "data": null}
[2019-08-12 16:34:25,733] - logger.py] - INFO: ####################################################################################################测试结束####################################################################################################
[2019-08-12 16:34:25,789] - logger.py] - INFO: ####################################################################################################开始测试####################################################################################################
[2019-08-12 16:34:25,796] - logger.py] - INFO: 用例名字：登录运营用户
[2019-08-12 16:34:25,803] - logger.py] - INFO: 请求参数：{'user_id': 1}
[2019-08-12 16:34:25,809] - logger.py] - INFO: --------------------------------------------------------------------------------------------------------------------------------------------------------------------------------------------------------
[2019-08-12 16:34:25,814] - logger.py] - INFO: 期望结果：Success, 实际结果：{"meta": {"code": 0, "status": 200, "message": "Success"}, "data": null}
[2019-08-12 16:34:25,824] - logger.py] - INFO: ####################################################################################################测试结束####################################################################################################
[2019-08-12 16:37:59,191] - logger.py] - INFO: ####################################################################################################开始测试####################################################################################################
[2019-08-12 16:37:59,201] - logger.py] - INFO: 用例名字：登录普通用户
[2019-08-12 16:37:59,210] - logger.py] - INFO: 请求参数：{'user_id': 303}
[2019-08-12 16:37:59,217] - logger.py] - INFO: --------------------------------------------------------------------------------------------------------------------------------------------------------------------------------------------------------
[2019-08-12 16:37:59,224] - logger.py] - INFO: 期望结果：Success, 实际结果：{"meta": {"code": 0, "status": 200, "message": "Success"}, "data": null}
[2019-08-12 16:37:59,231] - logger.py] - INFO: ####################################################################################################测试结束####################################################################################################
[2019-08-12 16:37:59,277] - logger.py] - INFO: ####################################################################################################开始测试####################################################################################################
[2019-08-12 16:37:59,284] - logger.py] - INFO: 用例名字：登录运营用户
[2019-08-12 16:37:59,293] - logger.py] - INFO: 请求参数：{'user_id': 1}
[2019-08-12 16:37:59,299] - logger.py] - INFO: --------------------------------------------------------------------------------------------------------------------------------------------------------------------------------------------------------
[2019-08-12 16:37:59,307] - logger.py] - INFO: 期望结果：Success, 实际结果：{"meta": {"code": 0, "status": 200, "message": "Success"}, "data": null}
[2019-08-12 16:37:59,313] - logger.py] - INFO: ####################################################################################################测试结束####################################################################################################
[2019-08-12 16:41:34,260] - logger.py] - INFO: ####################################################################################################开始测试####################################################################################################
[2019-08-12 16:41:34,266] - logger.py] - INFO: 用例名字：登录普通用户
[2019-08-12 16:41:34,274] - logger.py] - INFO: 请求参数：{'user_id': 303}
[2019-08-12 16:41:34,280] - logger.py] - INFO: --------------------------------------------------------------------------------------------------------------------------------------------------------------------------------------------------------
[2019-08-12 16:41:34,286] - logger.py] - INFO: 期望结果：Success, 实际结果：{"meta": {"code": 0, "status": 200, "message": "Success"}, "data": null}
[2019-08-12 16:41:34,292] - logger.py] - INFO: ####################################################################################################测试结束####################################################################################################
[2019-08-12 16:41:34,351] - logger.py] - INFO: ####################################################################################################开始测试####################################################################################################
[2019-08-12 16:41:34,358] - logger.py] - INFO: 用例名字：登录运营用户
[2019-08-12 16:41:34,363] - logger.py] - INFO: 请求参数：{'user_id': 1}
[2019-08-12 16:41:34,369] - logger.py] - INFO: --------------------------------------------------------------------------------------------------------------------------------------------------------------------------------------------------------
[2019-08-12 16:41:34,375] - logger.py] - INFO: 期望结果：Success, 实际结果：{"meta": {"code": 0, "status": 200, "message": "Success"}, "data": null}
[2019-08-12 16:41:34,382] - logger.py] - INFO: ####################################################################################################测试结束####################################################################################################
[2019-08-12 16:41:34,430] - logger.py] - INFO: ####################################################################################################开始测试####################################################################################################
[2019-08-12 16:41:34,436] - logger.py] - INFO: 用例名字：登录用户2
[2019-08-12 16:41:34,441] - logger.py] - INFO: 请求参数：{'user_id': 252}
[2019-08-12 16:41:34,447] - logger.py] - INFO: --------------------------------------------------------------------------------------------------------------------------------------------------------------------------------------------------------
[2019-08-12 16:41:34,453] - logger.py] - INFO: 期望结果：Success, 实际结果：{"meta": {"code": 0, "status": 200, "message": "Success"}, "data": null}
[2019-08-12 16:41:34,460] - logger.py] - INFO: ####################################################################################################测试结束####################################################################################################
[2019-08-12 16:45:58,910] - logger.py] - INFO: ####################################################################################################开始测试####################################################################################################
[2019-08-12 16:45:58,919] - logger.py] - INFO: 用例名字：登录普通用户
[2019-08-12 16:45:58,924] - logger.py] - INFO: 请求参数：{'user_id': 303}
[2019-08-12 16:45:58,931] - logger.py] - INFO: --------------------------------------------------------------------------------------------------------------------------------------------------------------------------------------------------------
[2019-08-12 16:45:58,938] - logger.py] - INFO: 期望结果：Success, 实际结果：{"meta": {"code": 0, "status": 200, "message": "Success"}, "data": null}
[2019-08-12 16:45:58,946] - logger.py] - INFO: ####################################################################################################测试结束####################################################################################################
[2019-08-12 16:45:58,984] - logger.py] - INFO: ####################################################################################################开始测试####################################################################################################
[2019-08-12 16:45:58,995] - logger.py] - INFO: 用例名字：登录运营用户
[2019-08-12 16:45:59,001] - logger.py] - INFO: 请求参数：{'user_id': 1}
[2019-08-12 16:45:59,007] - logger.py] - INFO: --------------------------------------------------------------------------------------------------------------------------------------------------------------------------------------------------------
[2019-08-12 16:45:59,014] - logger.py] - INFO: 期望结果：Success, 实际结果：{"meta": {"code": 0, "status": 200, "message": "Success"}, "data": null}
[2019-08-12 16:45:59,023] - logger.py] - INFO: ####################################################################################################测试结束####################################################################################################
[2019-08-12 16:45:59,075] - logger.py] - INFO: ####################################################################################################开始测试####################################################################################################
[2019-08-12 16:45:59,102] - logger.py] - INFO: 用例名字：登录用户2
[2019-08-12 16:45:59,121] - logger.py] - INFO: 请求参数：{'user_id': 252}
[2019-08-12 16:45:59,132] - logger.py] - INFO: --------------------------------------------------------------------------------------------------------------------------------------------------------------------------------------------------------
[2019-08-12 16:45:59,145] - logger.py] - INFO: 期望结果：Success, 实际结果：{"meta": {"code": 0, "status": 200, "message": "Success"}, "data": null}
[2019-08-12 16:45:59,154] - logger.py] - INFO: ####################################################################################################测试结束####################################################################################################
[2019-08-12 16:46:29,446] - logger.py] - INFO: ####################################################################################################开始测试####################################################################################################
[2019-08-12 16:46:29,457] - logger.py] - INFO: 用例名字：登录普通用户
[2019-08-12 16:46:29,465] - logger.py] - INFO: 请求参数：{'user_id': 303}
[2019-08-12 16:46:29,472] - logger.py] - INFO: --------------------------------------------------------------------------------------------------------------------------------------------------------------------------------------------------------
[2019-08-12 16:46:29,478] - logger.py] - INFO: 期望结果：Success, 实际结果：{"meta": {"code": 0, "status": 200, "message": "Success"}, "data": null}
[2019-08-12 16:46:29,488] - logger.py] - INFO: ####################################################################################################测试结束####################################################################################################
[2019-08-12 16:46:29,528] - logger.py] - INFO: ####################################################################################################开始测试####################################################################################################
[2019-08-12 16:46:29,540] - logger.py] - INFO: 用例名字：登录运营用户
[2019-08-12 16:46:29,548] - logger.py] - INFO: 请求参数：{'user_id': 1}
[2019-08-12 16:46:29,555] - logger.py] - INFO: --------------------------------------------------------------------------------------------------------------------------------------------------------------------------------------------------------
[2019-08-12 16:46:29,563] - logger.py] - INFO: 期望结果：Success, 实际结果：{"meta": {"code": 0, "status": 200, "message": "Success"}, "data": null}
[2019-08-12 16:46:29,572] - logger.py] - INFO: ####################################################################################################测试结束####################################################################################################
[2019-08-12 16:46:29,621] - logger.py] - INFO: ####################################################################################################开始测试####################################################################################################
[2019-08-12 16:46:29,630] - logger.py] - INFO: 用例名字：登录用户2
[2019-08-12 16:46:29,640] - logger.py] - INFO: 请求参数：{'user_id': 252}
[2019-08-12 16:46:29,648] - logger.py] - INFO: --------------------------------------------------------------------------------------------------------------------------------------------------------------------------------------------------------
[2019-08-12 16:46:29,654] - logger.py] - INFO: 期望结果：Success, 实际结果：{"meta": {"code": 0, "status": 200, "message": "Success"}, "data": null}
[2019-08-12 16:46:29,663] - logger.py] - INFO: ####################################################################################################测试结束####################################################################################################
[2019-08-12 16:49:49,914] - logger.py] - INFO: ####################################################################################################开始测试####################################################################################################
[2019-08-12 16:49:49,928] - logger.py] - INFO: 用例名字：登录普通用户
[2019-08-12 16:49:49,945] - logger.py] - INFO: 请求参数：{'user_id': 303}
[2019-08-12 16:49:49,956] - logger.py] - INFO: --------------------------------------------------------------------------------------------------------------------------------------------------------------------------------------------------------
[2019-08-12 16:49:49,969] - logger.py] - INFO: 期望结果：Success, 实际结果：{"meta": {"code": 0, "status": 200, "message": "Success"}, "data": null}
[2019-08-12 16:49:49,987] - logger.py] - INFO: ####################################################################################################测试结束####################################################################################################
[2019-08-12 16:49:50,084] - logger.py] - INFO: ####################################################################################################开始测试####################################################################################################
[2019-08-12 16:49:50,101] - logger.py] - INFO: 用例名字：登录运营用户
[2019-08-12 16:49:50,118] - logger.py] - INFO: 请求参数：{'user_id': 1}
[2019-08-12 16:49:50,130] - logger.py] - INFO: --------------------------------------------------------------------------------------------------------------------------------------------------------------------------------------------------------
[2019-08-12 16:49:50,153] - logger.py] - INFO: 期望结果：Success, 实际结果：{"meta": {"code": 0, "status": 200, "message": "Success"}, "data": null}
[2019-08-12 16:49:50,166] - logger.py] - INFO: ####################################################################################################测试结束####################################################################################################
[2019-08-12 16:49:50,218] - logger.py] - INFO: ####################################################################################################开始测试####################################################################################################
[2019-08-12 16:49:50,241] - logger.py] - INFO: 用例名字：登录用户2
[2019-08-12 16:49:50,255] - logger.py] - INFO: 请求参数：{'user_id': 252}
[2019-08-12 16:49:50,279] - logger.py] - INFO: --------------------------------------------------------------------------------------------------------------------------------------------------------------------------------------------------------
[2019-08-12 16:49:50,290] - logger.py] - INFO: 期望结果：Success, 实际结果：{"meta": {"code": 0, "status": 200, "message": "Success"}, "data": null}
[2019-08-12 16:49:50,309] - logger.py] - INFO: ####################################################################################################测试结束####################################################################################################
[2019-08-12 16:50:18,173] - logger.py] - INFO: ####################################################################################################开始测试####################################################################################################
[2019-08-12 16:50:18,184] - logger.py] - INFO: 用例名字：登录普通用户
[2019-08-12 16:50:18,197] - logger.py] - INFO: 请求参数：{'user_id': 303}
[2019-08-12 16:50:18,204] - logger.py] - INFO: --------------------------------------------------------------------------------------------------------------------------------------------------------------------------------------------------------
[2019-08-12 16:50:18,212] - logger.py] - INFO: 期望结果：Success, 实际结果：{"meta": {"code": 0, "status": 200, "message": "Success"}, "data": null}
[2019-08-12 16:50:18,219] - logger.py] - INFO: ####################################################################################################测试结束####################################################################################################
[2019-08-12 16:50:18,260] - logger.py] - INFO: ####################################################################################################开始测试####################################################################################################
[2019-08-12 16:50:18,272] - logger.py] - INFO: 用例名字：登录运营用户
[2019-08-12 16:50:18,279] - logger.py] - INFO: 请求参数：{'user_id': 1}
[2019-08-12 16:50:18,287] - logger.py] - INFO: --------------------------------------------------------------------------------------------------------------------------------------------------------------------------------------------------------
[2019-08-12 16:50:18,295] - logger.py] - INFO: 期望结果：Success, 实际结果：{"meta": {"code": 0, "status": 200, "message": "Success"}, "data": null}
[2019-08-12 16:50:18,302] - logger.py] - INFO: ####################################################################################################测试结束####################################################################################################
[2019-08-12 16:50:18,351] - logger.py] - INFO: ####################################################################################################开始测试####################################################################################################
[2019-08-12 16:50:18,358] - logger.py] - INFO: 用例名字：登录用户2
[2019-08-12 16:50:18,366] - logger.py] - INFO: 请求参数：{'user_id': 252}
[2019-08-12 16:50:18,372] - logger.py] - INFO: --------------------------------------------------------------------------------------------------------------------------------------------------------------------------------------------------------
[2019-08-12 16:50:18,380] - logger.py] - INFO: 期望结果：Success, 实际结果：{"meta": {"code": 0, "status": 200, "message": "Success"}, "data": null}
[2019-08-12 16:50:18,386] - logger.py] - INFO: ####################################################################################################测试结束####################################################################################################
[2019-08-12 17:07:26,869] - logger.py] - INFO: ####################################################################################################开始测试####################################################################################################
[2019-08-12 17:07:26,882] - logger.py] - INFO: 用例名字：登录普通用户
[2019-08-12 17:07:26,888] - logger.py] - INFO: 请求参数：{'user_id': 303}
[2019-08-12 17:07:26,898] - logger.py] - INFO: --------------------------------------------------------------------------------------------------------------------------------------------------------------------------------------------------------
[2019-08-12 17:07:26,905] - logger.py] - INFO: 期望结果：Success, 实际结果：{"meta": {"code": 0, "status": 200, "message": "Success"}, "data": null}
[2019-08-12 17:07:26,913] - logger.py] - INFO: ####################################################################################################测试结束####################################################################################################
[2019-08-12 17:07:26,951] - logger.py] - INFO: ####################################################################################################开始测试####################################################################################################
[2019-08-12 17:07:26,959] - logger.py] - INFO: 用例名字：登录运营用户
[2019-08-12 17:07:26,967] - logger.py] - INFO: 请求参数：{'user_id': 1}
[2019-08-12 17:07:26,974] - logger.py] - INFO: --------------------------------------------------------------------------------------------------------------------------------------------------------------------------------------------------------
[2019-08-12 17:07:26,980] - logger.py] - INFO: 期望结果：Success, 实际结果：{"meta": {"code": 0, "status": 200, "message": "Success"}, "data": null}
[2019-08-12 17:07:26,990] - logger.py] - INFO: ####################################################################################################测试结束####################################################################################################
[2019-08-12 17:07:27,026] - logger.py] - INFO: ####################################################################################################开始测试####################################################################################################
[2019-08-12 17:07:27,032] - logger.py] - INFO: 用例名字：登录用户2
[2019-08-12 17:07:27,041] - logger.py] - INFO: 请求参数：{'user_id': 252}
[2019-08-12 17:07:27,052] - logger.py] - INFO: --------------------------------------------------------------------------------------------------------------------------------------------------------------------------------------------------------
[2019-08-12 17:07:27,062] - logger.py] - INFO: 期望结果：Success, 实际结果：{"meta": {"code": 0, "status": 200, "message": "Success"}, "data": null}
[2019-08-12 17:07:27,071] - logger.py] - INFO: ####################################################################################################测试结束####################################################################################################
[2019-08-12 17:11:59,303] - logger.py] - INFO: ####################################################################################################开始测试####################################################################################################
[2019-08-12 17:11:59,313] - logger.py] - INFO: 用例名字：登录普通用户
[2019-08-12 17:11:59,320] - logger.py] - INFO: 请求参数：{'user_id': 303}
[2019-08-12 17:11:59,327] - logger.py] - INFO: --------------------------------------------------------------------------------------------------------------------------------------------------------------------------------------------------------
[2019-08-12 17:11:59,333] - logger.py] - INFO: 期望结果：Success, 实际结果：{"meta": {"code": 0, "status": 200, "message": "Success"}, "data": null}
[2019-08-12 17:11:59,343] - logger.py] - INFO: ####################################################################################################测试结束####################################################################################################
[2019-08-12 17:11:59,401] - logger.py] - INFO: ####################################################################################################开始测试####################################################################################################
[2019-08-12 17:11:59,412] - logger.py] - INFO: 用例名字：登录运营用户
[2019-08-12 17:11:59,420] - logger.py] - INFO: 请求参数：{'user_id': 1}
[2019-08-12 17:11:59,427] - logger.py] - INFO: --------------------------------------------------------------------------------------------------------------------------------------------------------------------------------------------------------
[2019-08-12 17:11:59,440] - logger.py] - INFO: 期望结果：Success, 实际结果：{"meta": {"code": 0, "status": 200, "message": "Success"}, "data": null}
[2019-08-12 17:11:59,449] - logger.py] - INFO: ####################################################################################################测试结束####################################################################################################
[2019-08-12 17:11:59,494] - logger.py] - INFO: ####################################################################################################开始测试####################################################################################################
[2019-08-12 17:11:59,503] - logger.py] - INFO: 用例名字：登录用户2
[2019-08-12 17:11:59,514] - logger.py] - INFO: 请求参数：{'user_id': 252}
[2019-08-12 17:11:59,522] - logger.py] - INFO: --------------------------------------------------------------------------------------------------------------------------------------------------------------------------------------------------------
[2019-08-12 17:11:59,530] - logger.py] - INFO: 期望结果：Success, 实际结果：{"meta": {"code": 0, "status": 200, "message": "Success"}, "data": null}
[2019-08-12 17:11:59,538] - logger.py] - INFO: ####################################################################################################测试结束####################################################################################################
